#-----------------------------------------------------------
# Vivado v2014.4 (64-bit)
# SW Build 1071353 on Tue Nov 18 16:47:07 MST 2014
# IP Build 1070531 on Tue Nov 18 01:10:18 MST 2014
# Start of session at: Wed Feb  8 13:34:54 2017
# Process ID: 16886
# Log file: /home/administrator/NetFPGA-live-fork/lib/hw/xilinx/cores/cam_v1_1_0/vivado.log
# Journal file: /home/administrator/NetFPGA-live-fork/lib/hw/xilinx/cores/cam_v1_1_0/vivado.jou
#-----------------------------------------------------------
source cam.tcl
# set   lib_name       xilinx
# set   ip_version     1.00
# set   design         cam
# set   device         xc7vx690t-3-ffg1761
# set   proj_dir       ip_proj
# create_project -name ${design} -force -dir "./${proj_dir}" -part ${device} -ip
# set_property source_mgmt_mode All [current_project]  
# set_property top ${design} [current_fileset]
# read_verilog "./hdl/verilog/cam.v"
# read_verilog "./hdl/verilog/cam_wrapper.v"
# read_vhdl "./hdl/vhdl/cam/cam_init_file_pack_xst.vhd"
# read_vhdl "./hdl/vhdl/cam/cam_pkg.vhd"
# read_vhdl "./hdl/vhdl/cam/cam_input_ternary_ternenc.vhd"
# read_vhdl "./hdl/vhdl/cam/cam_input_ternary.vhd"
# read_vhdl "./hdl/vhdl/cam/cam_input.vhd"
# read_vhdl "./hdl/vhdl/cam/cam_control.vhd"
# read_vhdl "./hdl/vhdl/cam/cam_decoder.vhd"
# read_vhdl "./hdl/vhdl/cam/cam_match_enc.vhd"
# read_vhdl "./hdl/vhdl/cam/cam_regouts.vhd"
# read_vhdl "./hdl/vhdl/cam/cam_mem_srl16_ternwrcomp.vhd"
# read_vhdl "./hdl/vhdl/cam/cam_mem_srl16_wrcomp.vhd"
# read_vhdl "./hdl/vhdl/cam/cam_mem_srl16_block_word.vhd"
# read_vhdl "./hdl/vhdl/cam/cam_mem_srl16_block.vhd"
# read_vhdl "./hdl/vhdl/cam/cam_mem_srl16.vhd"
# read_vhdl "./hdl/vhdl/cam/cam_mem_blk_extdepth_prim.vhd"
# read_vhdl "./hdl/vhdl/cam/cam_mem_blk_extdepth.vhd"
# read_vhdl "./hdl/vhdl/cam/dmem.vhd"
# read_vhdl "./hdl/vhdl/cam/cam_mem_blk.vhd"
# read_vhdl "./hdl/vhdl/cam/cam_mem.vhd"
# read_vhdl "./hdl/vhdl/cam/cam_rtl.vhd"
# read_vhdl "./hdl/vhdl/cam/cam_top.vhd"
# update_compile_order -fileset sources_1
# ipx::package_project
WARNING: [IP_Flow 19-3899] Cannot get the environment domain name variable for the component vendor name. Setting the vendor name to 'user.org'.
INFO: [IP_Flow 19-234] Refreshing IP repositories
INFO: [IP_Flow 19-1704] No user IP repositories specified
INFO: [IP_Flow 19-2313] Loaded Vivado IP repository '/opt/Xilinx/Vivado/2014.4/data/ip'.
INFO: [IP_Flow 19-2228] Inferred bus interface "signal_clock" of definition type "xilinx.com:signal:clock:1.0".
# set_property name ${design} [ipx::current_core]
# set_property library ${lib_name} [ipx::current_core]
# set_property vendor_display_name {xilinx} [ipx::current_core]
# set_property company_url {www.xilinx.com} [ipx::current_core]
# set_property vendor {xilinx} [ipx::current_core]
# set_property supported_families {{virtex7} {Production}} [ipx::current_core]
# set_property taxonomy {{/NetFPGA/Generic}} [ipx::current_core]
# set_property version ${ip_version} [ipx::current_core]
# set_property display_name ${design} [ipx::current_core]
# set_property description ${design} [ipx::current_core]
# ipx::infer_user_parameters [ipx::current_core]
# ipx::check_integrity [ipx::current_core]
INFO: [IP_Flow 19-861] XGUI layout file basename "xgui/cam_v1_0.tcl" does not have the current IP <name>_v<version> format. If the IP name or version was changed recently, recreate this file to update the file format.
INFO: [IP_Flow 19-3479] User Parameter 'C_TCAM_ADDR_WIDTH (C Tcam Addr Width)': The long integer parameter is not bounded by any range or validation values.
INFO: [IP_Flow 19-3479] User Parameter 'C_TCAM_DATA_WIDTH (C Tcam Data Width)': The long integer parameter is not bounded by any range or validation values.
INFO: [IP_Flow 19-3479] User Parameter 'C_TCAM_ADDR_TYPE (C Tcam Addr Type)': The long integer parameter is not bounded by any range or validation values.
INFO: [IP_Flow 19-3479] User Parameter 'C_TCAM_MATCH_ADDR_WIDTH (C Tcam Match Addr Width)': The long integer parameter is not bounded by any range or validation values.
WARNING: [IP_Flow 19-3153] Bus Interface 'signal_clock': ASSOCIATED_BUSIF bus parameter is missing.
INFO: [IP_Flow 19-2181] Payment Required is not set for this core.
INFO: [IP_Flow 19-2187] The Product Guide file is missing.
# ipx::save_core [ipx::current_core]
# close_project
# exit
INFO: [Common 17-206] Exiting Vivado at Wed Feb  8 13:34:58 2017...
