#-----------------------------------------------------------
# Vivado v2016.1 (64-bit)
# SW Build 1538259 on Fri Apr  8 15:45:27 MDT 2016
# IP Build 1537824 on Fri Apr  8 04:28:57 MDT 2016
# Start of session at: Fri May 12 18:46:50 2017
# Process ID: 1880
# Current directory: W:/lib/hw/contrib/cores/spad_controller
# Command line: vivado.exe -gui_launcher_event rodinguilauncherevent8664 W:\lib\hw\contrib\cores\spad_controller\spad_controller.xpr
# Log file: W:/lib/hw/contrib/cores/spad_controller/vivado.log
# Journal file: W:/lib/hw/contrib/cores/spad_controller\vivado.jou
#-----------------------------------------------------------
start_gui
open_project W:/lib/hw/contrib/cores/spad_controller/spad_controller.xpr
Scanning sources...
Finished scanning sources
INFO: [IP_Flow 19-234] Refreshing IP repositories
INFO: [IP_Flow 19-1704] No user IP repositories specified
INFO: [Common 17-41] Interrupt caught. Command should exit soon.
INFO: [IP_Flow 19-2313] Loaded Vivado IP repository 'C:/Xilinx/Vivado/2016.1/data/ip'.
INFO: [IP_Flow 19-2338] Canceling the changes to the IP catalog. Reverting the catalog back to its previous state.
INFO: [IP_Flow 19-2340] The IP catalog has been returned to its previous state.
INFO: [Common 17-344] 'open_project' was cancelled
exit
INFO: [Common 17-206] Exiting Vivado at Fri May 12 18:47:23 2017...
