#-----------------------------------------------------------
# Vivado v2014.4 (64-bit)
# SW Build 1071353 on Tue Nov 18 16:47:07 MST 2014
# IP Build 1070531 on Tue Nov 18 01:10:18 MST 2014
# Start of session at: Sat Jun 10 02:10:48 2017
# Process ID: 3689
# Log file: /home/administrator/NetFPGA-live-fork/lib/hw/std/cores/muzzle_flash_detector_output_port_lookup_v1_0_0/vivado.log
# Journal file: /home/administrator/NetFPGA-live-fork/lib/hw/std/cores/muzzle_flash_detector_output_port_lookup_v1_0_0/vivado.jou
#-----------------------------------------------------------
source muzzle_flash_detector_output_port_lookup.tcl
# set design muzzle_flash_detector_output_port_lookup
# set top muzzle_flash_detector_output_port_lookup
# set device xc7vx690t-3-ffg1761
# set proj_dir ./synth
# set ip_version 1.00
# set lib_name NetFPGA
# create_project -name ${design} -force -dir "./${proj_dir}" -part ${device} -ip
# set_property source_mgmt_mode All [current_project]  
# set_property top ${top} [current_fileset]
# set_property ip_repo_paths $::env(SUME_FOLDER)/lib/hw/  [current_fileset]
# puts "Creating Output Port Lookup IP"
Creating Output Port Lookup IP
# read_verilog "./hdl/output_port_lookup_cpu_regs_defines.v"
# read_verilog "./hdl/output_port_lookup_cpu_regs.v"
# read_verilog "./hdl/eth_parser.v"
# read_verilog "./hdl/mac_cam_lut.v"
# read_verilog "./hdl/muzzle_flash_detector_output_port_lookup.v"
# update_compile_order -fileset sources_1
# update_compile_order -fileset sim_1
# ipx::package_project
WARNING: [IP_Flow 19-3899] Cannot get the environment domain name variable for the component vendor name. Setting the vendor name to 'user.org'.
INFO: [IP_Flow 19-234] Refreshing IP repositories
INFO: [IP_Flow 19-1700] Loaded user IP repository '/home/administrator/NetFPGA-live-fork/lib/hw'.
WARNING: [IP_Flow 19-3656] If you move the project, the path for repository '/home/administrator/NetFPGA-live-fork/lib/hw' may become invalid. A better location for the repostory would be in a path adjacent to the project. (Current project location is '/home/administrator/NetFPGA-live-fork/lib/hw/std/cores/muzzle_flash_detector_output_port_lookup_v1_0_0/synth'.)
INFO: [IP_Flow 19-2313] Loaded Vivado IP repository '/opt/Xilinx/Vivado/2014.4/data/ip'.
INFO: [IP_Flow 19-1976] HDL Parser: Replacing 'NUM_STATES' by 2 for port or parameter 'state'
INFO: [IP_Flow 19-2418] Expression "((C_M_AXIS_DATA_WIDTH / 8) - 1)": Will not convert operator '/' to XPATH 'div' to allow integer division if applicable.
INFO: [IP_Flow 19-2418] Expression "((C_S_AXIS_DATA_WIDTH / 8) - 1)": Will not convert operator '/' to XPATH 'div' to allow integer division if applicable.
INFO: [IP_Flow 19-2418] Expression "((C_S_AXI_DATA_WIDTH / 8) - 1)": Will not convert operator '/' to XPATH 'div' to allow integer division if applicable.
INFO: [IP_Flow 19-1842] HDL Parser: Found included file "hdl/output_port_lookup_cpu_regs_defines.v" from the top-level HDL file.
INFO: [IP_Flow 19-2228] Inferred bus interface "S_AXI" of definition type "xilinx.com:interface:aximm:1.0".
INFO: [IP_Flow 19-2228] Inferred bus interface "m_axis" of definition type "xilinx.com:interface:axis:1.0".
INFO: [IP_Flow 19-2228] Inferred bus interface "s_axis" of definition type "xilinx.com:interface:axis:1.0".
INFO: [IP_Flow 19-2228] Inferred bus interface "S_AXI_signal_reset" of definition type "xilinx.com:signal:reset:1.0".
INFO: [IP_Flow 19-2228] Inferred bus interface "axis_signal_reset" of definition type "xilinx.com:signal:reset:1.0".
INFO: [IP_Flow 19-2228] Inferred bus interface "S_AXI_signal_clock" of definition type "xilinx.com:signal:clock:1.0".
INFO: [IP_Flow 19-2228] Inferred bus interface "axis_signal_clock" of definition type "xilinx.com:signal:clock:1.0".
INFO: [IP_Flow 19-2228] Inferred bus interface "S_AXI_signal_reset" of definition type "xilinx.com:signal:reset:1.0".
INFO: [IP_Flow 19-2228] Inferred bus interface "axis_signal_reset" of definition type "xilinx.com:signal:reset:1.0".
INFO: [IP_Flow 19-2228] Inferred bus interface "S_AXI_signal_clock" of definition type "xilinx.com:signal:clock:1.0".
INFO: [IP_Flow 19-2228] Inferred bus interface "axis_signal_clock" of definition type "xilinx.com:signal:clock:1.0".
INFO: [IP_Flow 19-818] Not transferring dependency attribute "{spirit:decode(id('MODELPARAM_VALUE.C_NUM_ADDRESS_RANGES')){"00000001"}}" into user parameter "C_ARD_NUM_CE_ARRAY".
# set_property name ${design} [ipx::current_core]
# set_property library ${lib_name} [ipx::current_core]
# set_property vendor_display_name {NetFPGA} [ipx::current_core]
# set_property company_url {www.netfpga.org} [ipx::current_core]
# set_property vendor {NetFPGA} [ipx::current_core]
# set_property supported_families {{virtex7} {Production}} [ipx::current_core]
# set_property taxonomy {{/NetFPGA/Generic}} [ipx::current_core]
# set_property version ${ip_version} [ipx::current_core]
# set_property display_name ${design} [ipx::current_core]
# set_property description ${design} [ipx::current_core]
# ipx::add_user_parameter {C_S_AXI_DATA_WIDTH} [ipx::current_core]
WARNING: [IP_Flow 19-660] A user_parameter named "C_S_AXI_DATA_WIDTH" already exists, cannot add it again.
WARNING: command 'get_user_parameter' will be removed in the 2014.3 release, use 'get_user_parameters' instead
# set_property value_resolve_type {user} [ipx::get_user_parameter C_S_AXI_DATA_WIDTH [ipx::current_core]]
WARNING: command 'get_user_parameter' will be removed in the 2014.3 release, use 'get_user_parameters' instead
# set_property display_name {C_S_AXI_DATA_WIDTH} [ipx::get_user_parameter C_S_AXI_DATA_WIDTH [ipx::current_core]]
WARNING: command 'get_user_parameter' will be removed in the 2014.3 release, use 'get_user_parameters' instead
# set_property value {32} [ipx::get_user_parameter C_S_AXI_DATA_WIDTH [ipx::current_core]]
WARNING: command 'get_user_parameter' will be removed in the 2014.3 release, use 'get_user_parameters' instead
# set_property value_format {long} [ipx::get_user_parameter C_S_AXI_DATA_WIDTH [ipx::current_core]]
# ipx::add_user_parameter {C_S_AXI_ADDR_WIDTH} [ipx::current_core]
WARNING: [IP_Flow 19-660] A user_parameter named "C_S_AXI_ADDR_WIDTH" already exists, cannot add it again.
WARNING: command 'get_user_parameter' will be removed in the 2014.3 release, use 'get_user_parameters' instead
# set_property value_resolve_type {user} [ipx::get_user_parameter C_S_AXI_ADDR_WIDTH [ipx::current_core]]
WARNING: command 'get_user_parameter' will be removed in the 2014.3 release, use 'get_user_parameters' instead
# set_property display_name {C_S_AXI_ADDR_WIDTH} [ipx::get_user_parameter C_S_AXI_ADDR_WIDTH [ipx::current_core]]
WARNING: command 'get_user_parameter' will be removed in the 2014.3 release, use 'get_user_parameters' instead
# set_property value {32} [ipx::get_user_parameter C_S_AXI_ADDR_WIDTH [ipx::current_core]]
WARNING: command 'get_user_parameter' will be removed in the 2014.3 release, use 'get_user_parameters' instead
# set_property value_format {long} [ipx::get_user_parameter C_S_AXI_ADDR_WIDTH [ipx::current_core]]
# ipx::add_user_parameter {C_M_AXIS_DATA_WIDTH} [ipx::current_core]
WARNING: [IP_Flow 19-660] A user_parameter named "C_M_AXIS_DATA_WIDTH" already exists, cannot add it again.
WARNING: command 'get_user_parameter' will be removed in the 2014.3 release, use 'get_user_parameters' instead
# set_property value_resolve_type {user} [ipx::get_user_parameter C_M_AXIS_DATA_WIDTH [ipx::current_core]]
WARNING: command 'get_user_parameter' will be removed in the 2014.3 release, use 'get_user_parameters' instead
# set_property display_name {C_M_AXIS_DATA_WIDTH} [ipx::get_user_parameter C_M_AXIS_DATA_WIDTH [ipx::current_core]]
WARNING: command 'get_user_parameter' will be removed in the 2014.3 release, use 'get_user_parameters' instead
# set_property value {256} [ipx::get_user_parameter C_M_AXIS_DATA_WIDTH [ipx::current_core]]
WARNING: command 'get_user_parameter' will be removed in the 2014.3 release, use 'get_user_parameters' instead
# set_property value_format {long} [ipx::get_user_parameter C_M_AXIS_DATA_WIDTH [ipx::current_core]]
# ipx::add_user_parameter {C_S_AXIS_DATA_WIDTH} [ipx::current_core]
WARNING: [IP_Flow 19-660] A user_parameter named "C_S_AXIS_DATA_WIDTH" already exists, cannot add it again.
WARNING: command 'get_user_parameter' will be removed in the 2014.3 release, use 'get_user_parameters' instead
# set_property value_resolve_type {user} [ipx::get_user_parameter C_S_AXIS_DATA_WIDTH [ipx::current_core]]
WARNING: command 'get_user_parameter' will be removed in the 2014.3 release, use 'get_user_parameters' instead
# set_property display_name {C_S_AXIS_DATA_WIDTH} [ipx::get_user_parameter C_S_AXIS_DATA_WIDTH [ipx::current_core]]
WARNING: command 'get_user_parameter' will be removed in the 2014.3 release, use 'get_user_parameters' instead
# set_property value {256} [ipx::get_user_parameter C_S_AXIS_DATA_WIDTH [ipx::current_core]]
WARNING: command 'get_user_parameter' will be removed in the 2014.3 release, use 'get_user_parameters' instead
# set_property value_format {long} [ipx::get_user_parameter C_S_AXIS_DATA_WIDTH [ipx::current_core]]
# ipx::add_user_parameter {C_M_AXIS_TUSER_WIDTH} [ipx::current_core]
WARNING: [IP_Flow 19-660] A user_parameter named "C_M_AXIS_TUSER_WIDTH" already exists, cannot add it again.
WARNING: command 'get_user_parameter' will be removed in the 2014.3 release, use 'get_user_parameters' instead
# set_property value_resolve_type {user} [ipx::get_user_parameter C_M_AXIS_TUSER_WIDTH [ipx::current_core]]
WARNING: command 'get_user_parameter' will be removed in the 2014.3 release, use 'get_user_parameters' instead
# set_property display_name {C_M_AXIS_TUSER_WIDTH} [ipx::get_user_parameter C_M_AXIS_TUSER_WIDTH [ipx::current_core]]
WARNING: command 'get_user_parameter' will be removed in the 2014.3 release, use 'get_user_parameters' instead
# set_property value {128} [ipx::get_user_parameter C_M_AXIS_TUSER_WIDTH [ipx::current_core]]
WARNING: command 'get_user_parameter' will be removed in the 2014.3 release, use 'get_user_parameters' instead
# set_property value_format {long} [ipx::get_user_parameter C_M_AXIS_TUSER_WIDTH [ipx::current_core]]
# ipx::add_user_parameter {C_S_AXIS_TUSER_WIDTH} [ipx::current_core]
WARNING: [IP_Flow 19-660] A user_parameter named "C_S_AXIS_TUSER_WIDTH" already exists, cannot add it again.
WARNING: command 'get_user_parameter' will be removed in the 2014.3 release, use 'get_user_parameters' instead
# set_property value_resolve_type {user} [ipx::get_user_parameter C_S_AXIS_TUSER_WIDTH [ipx::current_core]]
WARNING: command 'get_user_parameter' will be removed in the 2014.3 release, use 'get_user_parameters' instead
# set_property display_name {C_S_AXIS_TUSER_WIDTH} [ipx::get_user_parameter C_S_AXIS_TUSER_WIDTH [ipx::current_core]]
WARNING: command 'get_user_parameter' will be removed in the 2014.3 release, use 'get_user_parameters' instead
# set_property value {128} [ipx::get_user_parameter C_S_AXIS_TUSER_WIDTH [ipx::current_core]]
WARNING: command 'get_user_parameter' will be removed in the 2014.3 release, use 'get_user_parameters' instead
# set_property value_format {long} [ipx::get_user_parameter C_S_AXIS_TUSER_WIDTH [ipx::current_core]]
# ipx::add_user_parameter {SRC_PORT_POS} [ipx::current_core]
WARNING: [IP_Flow 19-660] A user_parameter named "SRC_PORT_POS" already exists, cannot add it again.
WARNING: command 'get_user_parameter' will be removed in the 2014.3 release, use 'get_user_parameters' instead
# set_property value_resolve_type {user} [ipx::get_user_parameter SRC_PORT_POS [ipx::current_core]]
WARNING: command 'get_user_parameter' will be removed in the 2014.3 release, use 'get_user_parameters' instead
# set_property display_name {SRC_PORT_POS} [ipx::get_user_parameter SRC_PORT_POS [ipx::current_core]]
WARNING: command 'get_user_parameter' will be removed in the 2014.3 release, use 'get_user_parameters' instead
# set_property value {16} [ipx::get_user_parameter SRC_PORT_POS [ipx::current_core]]
WARNING: command 'get_user_parameter' will be removed in the 2014.3 release, use 'get_user_parameters' instead
# set_property value_format {long} [ipx::get_user_parameter SRC_PORT_POS [ipx::current_core]]
# ipx::add_user_parameter {DST_PORT_POS} [ipx::current_core]
WARNING: [IP_Flow 19-660] A user_parameter named "DST_PORT_POS" already exists, cannot add it again.
WARNING: command 'get_user_parameter' will be removed in the 2014.3 release, use 'get_user_parameters' instead
# set_property value_resolve_type {user} [ipx::get_user_parameter DST_PORT_POS [ipx::current_core]]
WARNING: command 'get_user_parameter' will be removed in the 2014.3 release, use 'get_user_parameters' instead
# set_property display_name {SRC_PORT_POS} [ipx::get_user_parameter DST_PORT_POS [ipx::current_core]]
WARNING: command 'get_user_parameter' will be removed in the 2014.3 release, use 'get_user_parameters' instead
# set_property value {24} [ipx::get_user_parameter DST_PORT_POS [ipx::current_core]]
WARNING: command 'get_user_parameter' will be removed in the 2014.3 release, use 'get_user_parameters' instead
# set_property value_format {long} [ipx::get_user_parameter DST_PORT_POS [ipx::current_core]]
# ipx::add_user_parameter {C_BASEADDR} [ipx::current_core]
WARNING: [IP_Flow 19-660] A user_parameter named "C_BASEADDR" already exists, cannot add it again.
WARNING: command 'get_user_parameter' will be removed in the 2014.3 release, use 'get_user_parameters' instead
# set_property value_resolve_type {user} [ipx::get_user_parameter C_BASEADDR [ipx::current_core]]
WARNING: command 'get_user_parameter' will be removed in the 2014.3 release, use 'get_user_parameters' instead
# set_property display_name {C_BASEADDR} [ipx::get_user_parameter C_BASEADDR [ipx::current_core]]
WARNING: command 'get_user_parameter' will be removed in the 2014.3 release, use 'get_user_parameters' instead
# set_property value {0x00000000} [ipx::get_user_parameter C_BASEADDR [ipx::current_core]]
WARNING: command 'get_user_parameter' will be removed in the 2014.3 release, use 'get_user_parameters' instead
# set_property value_format {bitstring} [ipx::get_user_parameter C_BASEADDR [ipx::current_core]]
# ipx::add_subcore NetFPGA:NetFPGA:fallthrough_small_fifo:1.00 [ipx::get_file_groups xilinx_verilogsynthesis -of_objects [ipx::current_core]]
# ipx::add_subcore NetFPGA:NetFPGA:fallthrough_small_fifo:1.00 [ipx::get_file_groups xilinx_verilogbehavioralsimulation -of_objects [ipx::current_core]]
# ipx::add_bus_parameter FREQ_HZ [ipx::get_bus_interfaces m_axis -of_objects [ipx::current_core]]
# ipx::add_bus_parameter FREQ_HZ [ipx::get_bus_interfaces s_axis -of_objects [ipx::current_core]]
# ipx::infer_user_parameters [ipx::current_core]
INFO: [IP_Flow 19-818] Not transferring dependency attribute "{spirit:decode(id('MODELPARAM_VALUE.C_NUM_ADDRESS_RANGES')){"00000001"}}" into user parameter "C_ARD_NUM_CE_ARRAY".
# ipx::check_integrity [ipx::current_core]
INFO: [IP_Flow 19-861] XGUI layout file basename "xgui/muzzle_flash_detector_output_port_lookup_v1_0.tcl" does not have the current IP <name>_v<version> format. If the IP name or version was changed recently, recreate this file to update the file format.
INFO: [IP_Flow 19-3479] User Parameter 'C_M_AXIS_DATA_WIDTH': The long integer parameter is not bounded by any range or validation values.
INFO: [IP_Flow 19-3479] User Parameter 'C_S_AXIS_DATA_WIDTH': The long integer parameter is not bounded by any range or validation values.
INFO: [IP_Flow 19-3479] User Parameter 'C_M_AXIS_TUSER_WIDTH': The long integer parameter is not bounded by any range or validation values.
INFO: [IP_Flow 19-3479] User Parameter 'C_S_AXIS_TUSER_WIDTH': The long integer parameter is not bounded by any range or validation values.
INFO: [IP_Flow 19-3479] User Parameter 'SRC_PORT_POS': The long integer parameter is not bounded by any range or validation values.
INFO: [IP_Flow 19-3479] User Parameter 'DST_PORT_POS (SRC_PORT_POS)': The long integer parameter is not bounded by any range or validation values.
INFO: [IP_Flow 19-3479] User Parameter 'NUM_OUTPUT_QUEUES (Num Output Queues)': The long integer parameter is not bounded by any range or validation values.
INFO: [IP_Flow 19-3479] User Parameter 'C_S_AXI_DATA_WIDTH': The long integer parameter is not bounded by any range or validation values.
INFO: [IP_Flow 19-3479] User Parameter 'C_S_AXI_ADDR_WIDTH': The long integer parameter is not bounded by any range or validation values.
INFO: [IP_Flow 19-3479] User Parameter 'C_USE_WSTRB (C Use Wstrb)': The long integer parameter is not bounded by any range or validation values.
INFO: [IP_Flow 19-3479] User Parameter 'C_DPHASE_TIMEOUT (C Dphase Timeout)': The long integer parameter is not bounded by any range or validation values.
INFO: [IP_Flow 19-3479] User Parameter 'C_NUM_ADDRESS_RANGES (C Num Address Ranges)': The long integer parameter is not bounded by any range or validation values.
INFO: [IP_Flow 19-3479] User Parameter 'C_TOTAL_NUM_CE (C Total Num Ce)': The long integer parameter is not bounded by any range or validation values.
INFO: [IP_Flow 19-414] HDL Parameter 'C_FAMILY': Parameter name is reserved.
INFO: [IP_Flow 19-2181] Payment Required is not set for this core.
INFO: [IP_Flow 19-2187] The Product Guide file is missing.
# ipx::save_core [ipx::current_core]
# update_ip_catalog
INFO: [IP_Flow 19-1839] IP Catalog is up to date.
# close_project
# file delete -force ${proj_dir} 
INFO: [Common 17-206] Exiting Vivado at Sat Jun 10 02:10:52 2017...
